<?xml version="1.0" encoding="UTF-8"?>
<testsuite name="accesspoint.AccesspointApplicationTests" tests="1" skipped="0" failures="0" errors="0" timestamp="2025-08-02T04:56:33.913Z" hostname="ip-172-26-0-198" time="0.806">
  <properties/>
  <testcase name="contextLoads()" classname="accesspoint.AccesspointApplicationTests" time="0.806"/>
  <system-out><![CDATA[13:56:24.267 [Test worker] INFO org.springframework.test.context.support.AnnotationConfigContextLoaderUtils -- Could not detect default configuration classes for test class [accesspoint.AccesspointApplicationTests]: AccesspointApplicationTests does not declare any static, non-private, non-final, nested classes annotated with @Configuration.
13:56:24.463 [Test worker] INFO org.springframework.boot.test.context.SpringBootTestContextBootstrapper -- Found @SpringBootConfiguration accesspoint.AccesspointApplication for test class accesspoint.AccesspointApplicationTests

  .   ____          _            __ _ _
 /\\ / ___'_ __ _ _(_)_ __  __ _ \ \ \ \
( ( )\___ | '_ | '_| | '_ \/ _` | \ \ \ \
 \\/  ___)| |_)| | | | | || (_| |  ) ) ) )
  '  |____| .__|_| |_|_| |_\__, | / / / /
 =========|_|==============|___/=/_/_/_/

 :: Spring Boot ::                (v3.5.3)

2025-08-02T13:56:25.902+09:00  INFO 10991 --- [accesspoint] [    Test worker] a.AccesspointApplicationTests            : Starting AccesspointApplicationTests using Java 17.0.15 with PID 10991 (started by root in /accessPoint)
2025-08-02T13:56:25.907+09:00  INFO 10991 --- [accesspoint] [    Test worker] a.AccesspointApplicationTests            : No active profile set, falling back to 1 default profile: "default"
2025-08-02T13:56:28.478+09:00  INFO 10991 --- [accesspoint] [    Test worker] .s.d.r.c.RepositoryConfigurationDelegate : Bootstrapping Spring Data JPA repositories in DEFAULT mode.
2025-08-02T13:56:28.518+09:00  INFO 10991 --- [accesspoint] [    Test worker] .s.d.r.c.RepositoryConfigurationDelegate : Finished Spring Data repository scanning in 23 ms. Found 0 JPA repository interfaces.
2025-08-02T13:56:28.962+09:00  INFO 10991 --- [accesspoint] [    Test worker] o.s.cloud.context.scope.GenericScope     : BeanFactory id=4c527b3e-b801-3ca8-a2d8-58cf82da9781
2025-08-02T13:56:29.643+09:00  INFO 10991 --- [accesspoint] [    Test worker] o.hibernate.jpa.internal.util.LogHelper  : HHH000204: Processing PersistenceUnitInfo [name: default]
2025-08-02T13:56:29.717+09:00  INFO 10991 --- [accesspoint] [    Test worker] org.hibernate.Version                    : HHH000412: Hibernate ORM core version 6.6.18.Final
2025-08-02T13:56:29.768+09:00  INFO 10991 --- [accesspoint] [    Test worker] o.h.c.internal.RegionFactoryInitiator    : HHH000026: Second-level cache disabled
2025-08-02T13:56:30.195+09:00  INFO 10991 --- [accesspoint] [    Test worker] o.s.o.j.p.SpringPersistenceUnitInfo      : No LoadTimeWeaver setup: ignoring JPA class transformer
2025-08-02T13:56:30.243+09:00  INFO 10991 --- [accesspoint] [    Test worker] com.zaxxer.hikari.HikariDataSource       : HikariPool-1 - Starting...
2025-08-02T13:56:30.249+09:00  WARN 10991 --- [accesspoint] [    Test worker] c.zaxxer.hikari.util.DriverDataSource    : Registered driver with driverClassName=com.mysql.jdbc.Driver was not found, trying direct instantiation.
2025-08-02T13:56:30.508+09:00  INFO 10991 --- [accesspoint] [    Test worker] com.zaxxer.hikari.pool.HikariPool        : HikariPool-1 - Added connection com.mysql.cj.jdbc.ConnectionImpl@7f894a6f
2025-08-02T13:56:30.513+09:00  INFO 10991 --- [accesspoint] [    Test worker] com.zaxxer.hikari.HikariDataSource       : HikariPool-1 - Start completed.
2025-08-02T13:56:30.664+09:00  INFO 10991 --- [accesspoint] [    Test worker] org.hibernate.orm.connections.pooling    : HHH10001005: Database info:
	Database JDBC URL [Connecting through datasource 'HikariDataSource (HikariPool-1)']
	Database driver: undefined/unknown
	Database version: 8.0.42
	Autocommit mode: undefined/unknown
	Isolation level: undefined/unknown
	Minimum pool size: undefined/unknown
	Maximum pool size: undefined/unknown
2025-08-02T13:56:31.202+09:00  INFO 10991 --- [accesspoint] [    Test worker] o.h.e.t.j.p.i.JtaPlatformInitiator       : HHH000489: No JTA platform available (set 'hibernate.transaction.jta.platform' to enable JTA platform integration)
2025-08-02T13:56:31.210+09:00  INFO 10991 --- [accesspoint] [    Test worker] j.LocalContainerEntityManagerFactoryBean : Initialized JPA EntityManagerFactory for persistence unit 'default'
2025-08-02T13:56:31.747+09:00  WARN 10991 --- [accesspoint] [    Test worker] JpaBaseConfiguration$JpaWebConfiguration : spring.jpa.open-in-view is enabled by default. Therefore, database queries may be performed during view rendering. Explicitly configure spring.jpa.open-in-view to disable this warning
2025-08-02T13:56:33.061+09:00  WARN 10991 --- [accesspoint] [    Test worker] .s.s.UserDetailsServiceAutoConfiguration : 

Using generated security password: 79be4083-aebe-4b51-9bb9-cf26b6841558

This generated password is for development use only. Your security configuration must be updated before running your application in production.

2025-08-02T13:56:33.075+09:00  INFO 10991 --- [accesspoint] [    Test worker] r$InitializeUserDetailsManagerConfigurer : Global AuthenticationManager configured with UserDetailsService bean with name inMemoryUserDetailsManager
2025-08-02T13:56:33.887+09:00  INFO 10991 --- [accesspoint] [    Test worker] a.AccesspointApplicationTests            : Started AccesspointApplicationTests in 8.747 seconds (process running for 11.51)
]]></system-out>
  <system-err><![CDATA[Loading class `com.mysql.jdbc.Driver'. This is deprecated. The new driver class is `com.mysql.cj.jdbc.Driver'. The driver is automatically registered via the SPI and manual loading of the driver class is generally unnecessary.
]]></system-err>
</testsuite>
